[debug] [2021-09-15T08:07:07.251Z] ----------------------------------------------------------------------
[debug] [2021-09-15T08:07:07.253Z] Command:       C:\Program Files (x86)\nodejs\node.exe C:\Users\Dell\AppData\Roaming\npm\node_modules\firebase-tools\lib\bin\firebase.js init
[debug] [2021-09-15T08:07:07.253Z] CLI Version:   9.18.0
[debug] [2021-09-15T08:07:07.253Z] Platform:      win32
[debug] [2021-09-15T08:07:07.253Z] Node Version:  v14.16.1
[debug] [2021-09-15T08:07:07.255Z] Time:          Wed Sep 15 2021 13:37:07 GMT+0530 (India Standard Time)
[debug] [2021-09-15T08:07:07.255Z] ----------------------------------------------------------------------
[debug] 
[debug] [2021-09-15T08:07:07.317Z] > command requires scopes: ["email","openid","https://www.googleapis.com/auth/cloudplatformprojects.readonly","https://www.googleapis.com/auth/firebase","https://www.googleapis.com/auth/cloud-platform"]
[debug] [2021-09-15T08:07:07.318Z] > authorizing via signed-in user (richusaru@gmail.com)
[info] 
     ######## #### ########  ######## ########     ###     ######  ########
     ##        ##  ##     ## ##       ##     ##  ##   ##  ##       ##
     ######    ##  ########  ######   ########  #########  ######  ######
     ##        ##  ##    ##  ##       ##     ## ##     ##       ## ##
     ##       #### ##     ## ######## ########  ##     ##  ######  ########

You're about to initialize a Firebase project in this directory:

  E:\Websites\ecell website

Before we get started, keep in mind:

  * You are initializing within an existing Firebase project directory

